2023-03-09 10:25:19,418 [Worker-3: Loading available Gradle versions] INFO  o.e.b.c.i.u.g.PublishedGradleVersions - Gradle version information cache is up-to-date. Trying to read.
2023-03-09 10:28:38,586 [Worker-3: Loading available Gradle versions] INFO  o.e.b.c.i.u.g.PublishedGradleVersions - Gradle version information cache is up-to-date. Trying to read.
2023-03-09 10:33:30,525 [Worker-5: Importing Maven projects] INFO  o.e.m.c.i.l.LifecycleMappingFactory - Using org.eclipse.m2e.jdt.JarLifecycleMapping lifecycle mapping for MavenProject: com.example:storemygoods:0.0.1-SNAPSHOT @ E:\Project\backend\pom.xml.
2023-03-09 10:33:36,318 [Worker-5: Importing Maven projects] WARN  o.e.m.j.i.AbstractJavaProjectConfigurator - Could not determine source level, using default 1.5
2023-03-09 10:33:36,322 [Worker-5: Importing Maven projects] WARN  o.e.m.j.i.AbstractJavaProjectConfigurator - Could not determine target level, using default 1.5
2023-03-09 10:33:36,890 [Worker-5: Importing Maven projects] INFO  o.e.m.j.i.AbstractJavaProjectConfigurator - Adding source folder /storemygoods/src/main/java
2023-03-09 10:33:36,890 [Worker-5: Importing Maven projects] INFO  o.e.m.j.i.AbstractJavaProjectConfigurator - Adding resource folder /storemygoods/src/main/resources
2023-03-09 10:33:36,891 [Worker-5: Importing Maven projects] INFO  o.e.m.j.i.AbstractJavaProjectConfigurator - Adding resource folder /storemygoods/src/main/resources
2023-03-09 10:33:36,892 [Worker-5: Importing Maven projects] INFO  o.e.m.j.i.AbstractJavaProjectConfigurator - Adding source folder /storemygoods/src/test/java
2023-03-09 10:33:38,367 [Worker-5: Importing Maven projects] INFO  o.e.m.c.i.p.ProjectConfigurationManager - Imported and configured 1 project(s) in 15 sec
2023-03-09 10:33:43,278 [Worker-17: Building workspace] INFO  o.a.m.s.f.DefaultMavenResourcesFiltering - Copying 1 resource
2023-03-09 10:33:43,324 [Worker-17: Building workspace] INFO  o.a.m.s.f.DefaultMavenResourcesFiltering - Copying 0 resource
2023-03-09 10:33:43,332 [Worker-17: Building workspace] INFO  o.a.m.s.f.DefaultMavenResourcesFiltering - skip non existing resourceDirectory E:\Project\backend\src\test\resources
2023-03-09 10:34:04,632 [Worker-5: Building workspace] INFO  o.a.m.s.f.DefaultMavenResourcesFiltering - Copying 0 resource
2023-03-09 10:34:04,633 [Worker-5: Building workspace] INFO  o.a.m.s.f.DefaultMavenResourcesFiltering - Copying 0 resource
2023-03-09 10:34:04,636 [Worker-5: Building workspace] INFO  o.a.m.s.f.DefaultMavenResourcesFiltering - skip non existing resourceDirectory E:\Project\backend\src\test\resources
2023-03-09 10:36:20,716 [Worker-5: Building workspace] INFO  o.a.m.s.f.DefaultMavenResourcesFiltering - Copying 1 resource
2023-03-09 10:36:20,719 [Worker-5: Building workspace] INFO  o.a.m.s.f.DefaultMavenResourcesFiltering - Copying 0 resource
2023-03-09 10:36:20,723 [Worker-5: Building workspace] INFO  o.a.m.s.f.DefaultMavenResourcesFiltering - skip non existing resourceDirectory E:\Project\backend\src\test\resources
2023-03-09 10:50:26,771 [Worker-24: Rebuilding] INFO  o.a.m.s.f.DefaultMavenResourcesFiltering - Copying 1 resource
2023-03-09 10:50:26,903 [Worker-24: Rebuilding] INFO  o.a.m.s.f.DefaultMavenResourcesFiltering - Copying 0 resource
2023-03-09 10:50:26,920 [Worker-24: Rebuilding] INFO  o.a.m.s.f.DefaultMavenResourcesFiltering - skip non existing resourceDirectory E:\Project\backend\src\test\resources
2023-03-09 10:54:46,449 [Worker-6: Building workspace] INFO  o.a.m.s.f.DefaultMavenResourcesFiltering - Copying 1 resource
2023-03-09 10:54:46,455 [Worker-6: Building workspace] INFO  o.a.m.s.f.DefaultMavenResourcesFiltering - Copying 0 resource
2023-03-09 10:54:46,459 [Worker-6: Building workspace] INFO  o.a.m.s.f.DefaultMavenResourcesFiltering - skip non existing resourceDirectory E:\Project\backend\src\test\resources
